0 info it worked if it ends with ok
1 verbose cli [ 'node', '/usr/bin/npm', 'run', 'build' ]
2 info using npm@1.3.6
3 info using node@v0.10.46
4 error Failed to parse json
4 error Unexpected token b
5 error File: /root/todo/package.json
6 error Failed to parse package.json data.
6 error package.json must be actual JSON, not just JavaScript.
6 error
6 error This is not a bug in npm.
6 error Tell the package author to fix their package.json file. JSON.parse
7 error System Linux 2.6.32-642.el6.x86_64
8 error command "node" "/usr/bin/npm" "run" "build"
9 error cwd /root/todo
10 error node -v v0.10.46
11 error npm -v 1.3.6
12 error file /root/todo/package.json
13 error code EJSONPARSE
14 verbose exit [ 1, true ]
